2024-06-08 21:19:24,704 - pyswarms.single.global_best - INFO - Optimize for 300 iters with {'c1': 0.9, 'c2': 0.9, 'w': 1.1}
2024-06-08 21:19:57,260 - pyswarms.single.global_best - INFO - Optimize for 300 iters with {'c1': 0.9, 'c2': 0.9, 'w': 1.1}
2024-06-08 21:25:05,631 - pyswarms.single.global_best - INFO - Optimize for 300 iters with {'c1': 0.9, 'c2': 0.9, 'w': 1.1}
2024-06-08 21:25:23,116 - pyswarms.single.global_best - INFO - Optimization finished | best cost: 10.31721794189761, best pos: [1.17224373e+00 2.60884755e+05 1.74015522e-01]
2024-06-08 21:25:24,887 - pyswarms.single.global_best - INFO - Optimize for 300 iters with {'c1': 0.9, 'c2': 0.9, 'w': 1.1}
2024-06-08 21:26:41,843 - pyswarms.single.global_best - INFO - Optimize for 300 iters with {'c1': 0.9, 'c2': 0.9, 'w': 1.1}
2024-06-08 21:27:00,436 - pyswarms.single.global_best - INFO - Optimization finished | best cost: 10.549945813938827, best pos: [1.04520482e+00 2.92581529e+05 1.78131024e-01]
2024-06-08 21:27:02,422 - pyswarms.single.global_best - INFO - Optimize for 300 iters with {'c1': 0.9, 'c2': 0.9, 'w': 1.1}
2024-06-08 21:27:13,195 - pyswarms.single.global_best - INFO - Optimize for 300 iters with {'c1': 0.9, 'c2': 0.9, 'w': 1.1}
2024-06-08 21:27:31,625 - pyswarms.single.global_best - INFO - Optimization finished | best cost: 10.299552255961558, best pos: [9.31863152e-01 2.53631635e+05 1.77124023e-01]
2024-06-08 21:27:33,168 - pyswarms.single.global_best - INFO - Optimize for 300 iters with {'c1': 0.9, 'c2': 0.9, 'w': 1.1}
2024-06-08 21:30:10,757 - pyswarms.single.global_best - INFO - Optimization finished | best cost: 16.246333014801063, best pos: [3.10981868e+00 3.62670628e+05 1.87966427e-03 4.46039626e+00]
2024-06-08 21:30:23,560 - pyswarms.single.global_best - INFO - Optimize for 300 iters with {'c1': 0.9, 'c2': 0.9, 'w': 1.1}
2024-06-08 21:31:13,460 - pyswarms.single.global_best - INFO - Optimization finished | best cost: 5.758005258886876, best pos: [7.70081579e-01 3.13280619e+05 4.82711792e-01 2.51037598e-01]
2024-06-08 21:31:21,951 - pyswarms.single.global_best - INFO - Optimize for 300 iters with {'c1': 0.9, 'c2': 0.9, 'w': 1.1}
2024-06-08 21:31:54,548 - pyswarms.single.global_best - INFO - Optimization finished | best cost: 7.512746653489691, best pos: [9.25350368e-01 3.48885812e+05 3.71119839e-02 1.97431402e+00]
2024-06-08 21:32:01,664 - pyswarms.single.global_best - INFO - Optimize for 300 iters with {'c1': 0.9, 'c2': 0.9, 'w': 1.1}
2024-06-08 21:33:06,149 - pyswarms.single.global_best - INFO - Optimization finished | best cost: 5.010177152202187, best pos: [6.25341327e-01 3.00332426e+05 4.64179768e+00 1.35506738e+00]
2024-06-08 21:33:22,492 - pyswarms.single.global_best - INFO - Optimize for 300 iters with {'c1': 0.9, 'c2': 0.9, 'w': 1.1}
2024-06-08 21:34:58,657 - pyswarms.single.global_best - INFO - Optimization finished | best cost: 5.577539979176684, best pos: [0.87270683 0.88052676 1.0124054  8.09277344 0.0572387  9.12890625]
2024-06-08 21:35:56,043 - pyswarms.single.global_best - INFO - Optimize for 300 iters with {'c1': 0.9, 'c2': 0.9, 'w': 1.1}
2024-06-08 21:41:38,779 - pyswarms.single.global_best - INFO - Optimize for 300 iters with {'c1': 0.9, 'c2': 0.9, 'w': 1.1}
2024-06-08 21:41:42,903 - pyswarms.single.global_best - INFO - Optimize for 300 iters with {'c1': 0.9, 'c2': 0.9, 'w': 1.1}
2024-06-08 21:43:29,492 - pyswarms.single.global_best - INFO - Optimize for 300 iters with {'c1': 0.9, 'c2': 0.9, 'w': 1.1}
2024-06-08 21:44:05,531 - pyswarms.single.global_best - INFO - Optimize for 300 iters with {'c1': 0.9, 'c2': 0.9, 'w': 1.1}
2024-06-08 21:49:16,368 - pyswarms.single.global_best - INFO - Optimize for 300 iters with {'c1': 0.9, 'c2': 0.9, 'w': 1.1}
2024-06-08 21:49:39,022 - pyswarms.single.global_best - INFO - Optimize for 300 iters with {'c1': 0.9, 'c2': 0.9, 'w': 1.1}
2024-06-08 21:50:48,936 - pyswarms.single.global_best - INFO - Optimize for 300 iters with {'c1': 0.9, 'c2': 0.9, 'w': 1.1}
2024-06-08 21:52:19,025 - pyswarms.single.global_best - INFO - Optimization finished | best cost: 4.102742413355491, best pos: [5.23996672e-01 8.93564019e-01 8.92149646e+00 8.95452519e-03
 1.34505076e+01]
2024-06-08 21:52:54,526 - pyswarms.single.global_best - INFO - Optimize for 300 iters with {'c1': 0.9, 'c2': 0.9, 'w': 1.1}
2024-06-08 21:54:03,810 - pyswarms.single.global_best - INFO - Optimization finished | best cost: 2.7595485621299645, best pos: [0.26373963 0.94662299 1.70239258 2.796875  ]
2024-06-08 22:06:08,675 - pyswarms.single.global_best - INFO - Optimize for 300 iters with {'c1': 0.9, 'c2': 0.9, 'w': 1.1}
2024-06-08 22:07:55,243 - pyswarms.single.global_best - INFO - Optimize for 300 iters with {'c1': 0.9, 'c2': 0.9, 'w': 1.1}
2024-06-08 22:08:19,478 - pyswarms.single.global_best - INFO - Optimize for 300 iters with {'c1': 0.9, 'c2': 0.9, 'w': 1.1}
2024-06-08 22:09:16,152 - pyswarms.single.global_best - INFO - Optimize for 300 iters with {'c1': 0.9, 'c2': 0.9, 'w': 1.1}
2024-06-08 22:09:48,025 - pyswarms.single.global_best - INFO - Optimize for 300 iters with {'c1': 0.9, 'c2': 0.9, 'w': 1.1}
2024-06-08 22:10:46,271 - pyswarms.single.global_best - INFO - Optimize for 300 iters with {'c1': 0.9, 'c2': 0.9, 'w': 1.1}
2024-06-08 22:10:46,360 - pyswarms.single.global_best - INFO - Optimize for 300 iters with {'c1': 0.9, 'c2': 0.9, 'w': 1.1}
2024-06-08 22:12:09,632 - pyswarms.single.global_best - INFO - Optimize for 300 iters with {'c1': 0.9, 'c2': 0.9, 'w': 1.1}
2024-06-08 22:12:23,963 - pyswarms.single.global_best - INFO - Optimize for 300 iters with {'c1': 0.9, 'c2': 0.9, 'w': 1.1}
2024-06-08 22:36:50,580 - pyswarms.single.global_best - INFO - Optimize for 300 iters with {'c1': 0.9, 'c2': 0.9, 'w': 1.1}
2024-06-08 22:37:41,895 - pyswarms.single.global_best - INFO - Optimize for 300 iters with {'c1': 0.9, 'c2': 0.9, 'w': 1.1}
2024-06-08 22:37:48,834 - pyswarms.single.global_best - INFO - Optimize for 300 iters with {'c1': 0.9, 'c2': 0.9, 'w': 1.1}
2024-06-08 22:44:18,680 - pyswarms.single.global_best - INFO - Optimize for 300 iters with {'c1': 0.9, 'c2': 0.9, 'w': 1.1}
2024-06-08 22:45:51,194 - pyswarms.single.global_best - INFO - Optimization finished | best cost: 3.9854137176322935, best pos: [0.26643861 0.97528566 1.91357249 0.18500658 2.06697771]
2024-06-08 22:46:27,279 - pyswarms.single.global_best - INFO - Optimize for 300 iters with {'c1': 0.9, 'c2': 0.9, 'w': 1.1}
2024-06-08 22:48:12,321 - pyswarms.single.global_best - INFO - Optimization finished | best cost: 1.8612772104679776, best pos: [0.25161034 0.974036   1.50407937 0.00997795 2.73077463]
2024-06-08 22:49:11,987 - pyswarms.single.global_best - INFO - Optimize for 300 iters with {'c1': 0.9, 'c2': 0.9, 'w': 1.1}
2024-06-08 22:50:39,541 - pyswarms.single.global_best - INFO - Optimization finished | best cost: 4.722846871655353, best pos: [0.46572244 0.93221839 2.68164062 4.25      ]
2024-06-09 14:12:21,797 - pyswarms.single.global_best - INFO - Optimize for 300 iters with {'c1': 0.9, 'c2': 0.9, 'w': 1.1}
2024-06-09 14:12:31,183 - pyswarms.single.global_best - INFO - Optimize for 300 iters with {'c1': 0.9, 'c2': 0.9, 'w': 1.1}
2024-06-09 14:12:48,459 - pyswarms.single.global_best - INFO - Optimization finished | best cost: 10.278168577621097, best pos: [1.06536819e+00 2.61933941e+05 1.77301346e-01]
2024-06-09 14:12:50,159 - pyswarms.single.global_best - INFO - Optimize for 300 iters with {'c1': 0.9, 'c2': 0.9, 'w': 1.1}
2024-06-09 14:14:30,919 - pyswarms.single.global_best - INFO - Optimization finished | best cost: 15.412498742999077, best pos: [1.77876147e+00 3.23680930e+05 3.57508659e-04 1.38010565e+00]
2024-06-09 14:14:44,861 - pyswarms.single.global_best - INFO - Optimize for 300 iters with {'c1': 0.9, 'c2': 0.9, 'w': 1.1}
2024-06-09 14:15:33,536 - pyswarms.single.global_best - INFO - Optimization finished | best cost: 8.018848468814753, best pos: [1.02356561e+00 3.31742612e+05 6.92993164e-01 2.71484375e-01]
2024-06-09 14:15:40,898 - pyswarms.single.global_best - INFO - Optimize for 300 iters with {'c1': 0.9, 'c2': 0.9, 'w': 1.1}
2024-06-09 14:16:13,460 - pyswarms.single.global_best - INFO - Optimization finished | best cost: 6.045317364879436, best pos: [7.64731203e-01 2.63937459e+05 2.77750148e-02 8.96612905e-01]
2024-06-09 14:16:19,291 - pyswarms.single.global_best - INFO - Optimize for 300 iters with {'c1': 0.9, 'c2': 0.9, 'w': 1.1}
2024-06-09 14:17:23,541 - pyswarms.single.global_best - INFO - Optimization finished | best cost: 4.694249449748451, best pos: [5.12627468e-01 3.60300287e+05 4.97697152e+00 1.52558588e+00]
2024-06-09 14:17:39,845 - pyswarms.single.global_best - INFO - Optimize for 300 iters with {'c1': 0.9, 'c2': 0.9, 'w': 1.1}
2024-06-09 14:19:09,883 - pyswarms.single.global_best - INFO - Optimization finished | best cost: 4.584016475204495, best pos: [0.64456252 0.89084892 1.87182617 5.39331055 0.18787371 3.95947266]
2024-06-09 14:20:14,280 - pyswarms.single.global_best - INFO - Optimize for 300 iters with {'c1': 0.9, 'c2': 0.9, 'w': 1.1}
2024-06-09 14:21:51,001 - pyswarms.single.global_best - INFO - Optimization finished | best cost: 3.9855155924122547, best pos: [ 0.47516587  0.87701904  7.60593663  0.12281036 10.60991248]
2024-06-09 14:22:35,542 - pyswarms.single.global_best - INFO - Optimize for 300 iters with {'c1': 0.9, 'c2': 0.9, 'w': 1.1}
2024-06-09 14:24:13,337 - pyswarms.single.global_best - INFO - Optimization finished | best cost: 4.236729746010296, best pos: [5.87139189e-01 8.51696840e-01 9.48025368e+00 7.58080157e-03
 1.35425921e+01]
2024-06-09 14:24:53,936 - pyswarms.single.global_best - INFO - Optimize for 300 iters with {'c1': 0.9, 'c2': 0.9, 'w': 1.1}
2024-06-09 14:26:09,591 - pyswarms.single.global_best - INFO - Optimization finished | best cost: 3.8558152992105184, best pos: [0.3465569  0.98022334 1.54263263 3.09815136]
